<?xml version="1.0" encoding="UTF-8"?>
<!-- Generated by org.testng.reporters.JUnitXMLReporter -->
<testsuite ignored="0" hostname="LAPTOP-LVRJVU6R" failures="1" tests="14" name="Different testng Feature test" time="36.855" errors="0" timestamp="2021-11-30T18:05:45 IST">
  <testcase classname="Testing_Automation_project.GoogleTest_NG" name="googleTitleTest" time="0.014"/>
  <testcase classname="Testing_Automation_project.GoogleTest_NG" name="googleLogoTest" time="0.031">
    <failure type="org.openqa.selenium.NoSuchWindowException" message="no such window: target window already closed
from unknown error: web view not found
  (Session info: chrome=96.0.4664.45)
Build info: version: &amp;apos;4.0.0&amp;apos;, revision: &amp;apos;3a21814679&amp;apos;
System info: host: &amp;apos;LAPTOP-LVRJVU6R&amp;apos;, ip: &amp;apos;192.168.0.100&amp;apos;, os.name: &amp;apos;Windows 10&amp;apos;, os.arch: &amp;apos;amd64&amp;apos;, os.version: &amp;apos;10.0&amp;apos;, java.version: &amp;apos;17.0.1&amp;apos;
Driver info: org.openqa.selenium.chrome.ChromeDriver
Command: [2645b4771b38ac842bfd1535f28fb809, findElement {using=xpath, value=//img[@class = &amp;apos;lnXdpd&amp;apos;]}]
Capabilities {acceptInsecureCerts: false, browserName: chrome, browserVersion: 96.0.4664.45, chrome: {chromedriverVersion: 96.0.4664.45 (76e4c1bb2ab46..., userDataDir: C:\Users\piyus\AppData\Loca...}, goog:chromeOptions: {debuggerAddress: localhost:63300}, javascriptEnabled: true, networkConnectionEnabled: false, pageLoadStrategy: normal, platform: WINDOWS, platformName: WINDOWS, proxy: Proxy(), se:cdp: ws://localhost:63300/devtoo..., se:cdpVersion: 96.0.4664.45, setWindowRect: true, strictFileInteractability: false, timeouts: {implicit: 0, pageLoad: 300000, script: 30000}, unhandledPromptBehavior: dismiss and notify, webauthn:extension:credBlob: true, webauthn:extension:largeBlob: true, webauthn:virtualAuthenticators: true}
Session ID: 2645b4771b38ac842bfd1535f28fb809">
      <![CDATA[org.openqa.selenium.NoSuchWindowException: no such window: target window already closed
from unknown error: web view not found
  (Session info: chrome=96.0.4664.45)
Build info: version: '4.0.0', revision: '3a21814679'
System info: host: 'LAPTOP-LVRJVU6R', ip: '192.168.0.100', os.name: 'Windows 10', os.arch: 'amd64', os.version: '10.0', java.version: '17.0.1'
Driver info: org.openqa.selenium.chrome.ChromeDriver
Command: [2645b4771b38ac842bfd1535f28fb809, findElement {using=xpath, value=//img[@class = 'lnXdpd']}]
Capabilities {acceptInsecureCerts: false, browserName: chrome, browserVersion: 96.0.4664.45, chrome: {chromedriverVersion: 96.0.4664.45 (76e4c1bb2ab46..., userDataDir: C:\Users\piyus\AppData\Loca...}, goog:chromeOptions: {debuggerAddress: localhost:63300}, javascriptEnabled: true, networkConnectionEnabled: false, pageLoadStrategy: normal, platform: WINDOWS, platformName: WINDOWS, proxy: Proxy(), se:cdp: ws://localhost:63300/devtoo..., se:cdpVersion: 96.0.4664.45, setWindowRect: true, strictFileInteractability: false, timeouts: {implicit: 0, pageLoad: 300000, script: 30000}, unhandledPromptBehavior: dismiss and notify, webauthn:extension:credBlob: true, webauthn:extension:largeBlob: true, webauthn:virtualAuthenticators: true}
Session ID: 2645b4771b38ac842bfd1535f28fb809
at org.openqa.selenium.remote.codec.w3c.W3CHttpResponseCodec.createException(W3CHttpResponseCodec.java:200)
at org.openqa.selenium.remote.codec.w3c.W3CHttpResponseCodec.decode(W3CHttpResponseCodec.java:133)
at org.openqa.selenium.remote.codec.w3c.W3CHttpResponseCodec.decode(W3CHttpResponseCodec.java:53)
at org.openqa.selenium.remote.HttpCommandExecutor.execute(HttpCommandExecutor.java:184)
at org.openqa.selenium.remote.service.DriverCommandExecutor.invokeExecute(DriverCommandExecutor.java:164)
at org.openqa.selenium.remote.service.DriverCommandExecutor.execute(DriverCommandExecutor.java:139)
at org.openqa.selenium.remote.RemoteWebDriver.execute(RemoteWebDriver.java:559)
at org.openqa.selenium.remote.ElementLocation$ElementFinder$2.findElement(ElementLocation.java:162)
at org.openqa.selenium.remote.ElementLocation.findElement(ElementLocation.java:60)
at org.openqa.selenium.remote.RemoteWebDriver.findElement(RemoteWebDriver.java:383)
at org.openqa.selenium.remote.RemoteWebDriver.findElement(RemoteWebDriver.java:375)
at Testing_Automation_project.GoogleTest_NG.googleLogoTest(GoogleTest_NG.java:36)
at java.base/java.util.ArrayList.forEach(ArrayList.java:1511)
... Removed 32 stack frames]]>
    </failure>
  </testcase> <!-- googleLogoTest -->
  <testcase classname="Testing_Automation_project.GoogleTest_NG" name="mailLinkTest" time="0.038"/>
  <testcase classname="Testing_Automation_project.GoogleTest_NG" name="test1" time="0.001"/>
  <testcase classname="Testing_Automation_project.GoogleTest_NG" name="test2" time="0.001"/>
  <testcase classname="Testing_Automation_project.GoogleTest_NG" name="test3" time="0.0"/>
  <testcase classname="Testing_Automation_project.GoogleTitleTest" name="googleLogoTest" time="0.031"/>
  <testcase classname="Testing_Automation_project.GoogleTitleTest" name="googleTitleTest" time="0.012"/>
  <testcase classname="Testing_Automation_project.TestNG_Features" name="sum" time="0.001"/>
  <testcase classname="Testing_Automation_project.TestNG_Features" name="sum" time="0.004"/>
  <testcase classname="Testing_Automation_project.TestNG_Features" name="sum" time="0.002"/>
  <testcase classname="Testing_Automation_project.TestNG_Features" name="sum" time="0.001"/>
  <testcase classname="Testing_Automation_project.TestNG_Features" name="sum" time="0.0"/>
  <testcase classname="Testing_Automation_project.TestNG_Features" name="test1" time="0.001"/>
</testsuite> <!-- Different testng Feature test -->
